<?xml version="1.0" encoding="UTF-8"?>
<coverage generated="1780168742005" clover="3.2.0">
  <project timestamp="1780168742005" name="All files">
    <metrics statements="25" coveredstatements="22" conditionals="38" coveredconditionals="21" methods="8" coveredmethods="6" elements="71" coveredelements="49" complexity="0" loc="25" ncloc="25" packages="1" files="1" classes="1"/>
    <file name="validator.js" path="D:\GangNiaga-WebBridge\daemon\utils\validator.js">
      <metrics statements="25" coveredstatements="22" conditionals="38" coveredconditionals="21" methods="8" coveredmethods="6"/>
      <line num="4" count="1" type="stmt"/>
      <line num="7" count="4" type="cond" truecount="3" falsecount="1"/>
      <line num="8" count="4" type="stmt"/>
      <line num="9" count="4" type="stmt"/>
      <line num="10" count="4" type="cond" truecount="2" falsecount="0"/>
      <line num="11" count="2" type="cond" truecount="3" falsecount="1"/>
      <line num="12" count="2" type="cond" truecount="3" falsecount="1"/>
      <line num="13" count="2" type="cond" truecount="1" falsecount="1"/>
      <line num="14" count="2" type="stmt"/>
      <line num="16" count="0" type="stmt"/>
      <line num="22" count="4" type="cond" truecount="1" falsecount="1"/>
      <line num="23" count="4" type="cond" truecount="4" falsecount="0"/>
      <line num="31" count="4" type="cond" truecount="1" falsecount="1"/>
      <line num="32" count="4" type="cond" truecount="1" falsecount="1"/>
      <line num="34" count="4" type="stmt"/>
      <line num="51" count="4" type="stmt"/>
      <line num="52" count="22" type="stmt"/>
      <line num="57" count="4" type="cond" truecount="1" falsecount="1"/>
      <line num="58" count="4" type="cond" truecount="1" falsecount="1"/>
      <line num="60" count="4" type="stmt"/>
      <line num="78" count="4" type="stmt"/>
      <line num="79" count="36" type="stmt"/>
      <line num="84" count="0" type="cond" truecount="0" falsecount="2"/>
      <line num="89" count="0" type="cond" truecount="0" falsecount="6"/>
      <line num="94" count="1" type="stmt"/>
    </file>
  </project>
</coverage>
