{"D:\\GangNiaga-WebBridge\\daemon\\utils\\validator.js": {"path":"D:\\GangNiaga-WebBridge\\daemon\\utils\\validator.js","statementMap":{"0":{"start":{"line":4,"column":18},"end":{"line":92,"column":1}},"1":{"start":{"line":7,"column":4},"end":{"line":7,"column":73}},"2":{"start":{"line":7,"column":60},"end":{"line":7,"column":73}},"3":{"start":{"line":8,"column":4},"end":{"line":17,"column":5}},"4":{"start":{"line":9,"column":18},"end":{"line":9,"column":33}},"5":{"start":{"line":10,"column":6},"end":{"line":10,"column":68}},"6":{"start":{"line":10,"column":55},"end":{"line":10,"column":68}},"7":{"start":{"line":11,"column":6},"end":{"line":11,"column":53}},"8":{"start":{"line":11,"column":40},"end":{"line":11,"column":53}},"9":{"start":{"line":12,"column":6},"end":{"line":12,"column":68}},"10":{"start":{"line":12,"column":55},"end":{"line":12,"column":68}},"11":{"start":{"line":13,"column":6},"end":{"line":13,"column":51}},"12":{"start":{"line":13,"column":38},"end":{"line":13,"column":51}},"13":{"start":{"line":14,"column":6},"end":{"line":14,"column":18}},"14":{"start":{"line":16,"column":6},"end":{"line":16,"column":19}},"15":{"start":{"line":22,"column":4},"end":{"line":22,"column":49}},"16":{"start":{"line":22,"column":36},"end":{"line":22,"column":49}},"17":{"start":{"line":23,"column":4},"end":{"line":26,"column":34}},"18":{"start":{"line":31,"column":4},"end":{"line":31,"column":51}},"19":{"start":{"line":31,"column":38},"end":{"line":31,"column":51}},"20":{"start":{"line":32,"column":4},"end":{"line":32,"column":44}},"21":{"start":{"line":32,"column":31},"end":{"line":32,"column":44}},"22":{"start":{"line":34,"column":22},"end":{"line":49,"column":5}},"23":{"start":{"line":51,"column":23},"end":{"line":51,"column":45}},"24":{"start":{"line":52,"column":4},"end":{"line":52,"column":56}},"25":{"start":{"line":52,"column":32},"end":{"line":52,"column":54}},"26":{"start":{"line":57,"column":4},"end":{"line":57,"column":47}},"27":{"start":{"line":57,"column":34},"end":{"line":57,"column":47}},"28":{"start":{"line":58,"column":4},"end":{"line":58,"column":42}},"29":{"start":{"line":58,"column":29},"end":{"line":58,"column":42}},"30":{"start":{"line":60,"column":22},"end":{"line":76,"column":5}},"31":{"start":{"line":78,"column":23},"end":{"line":78,"column":62}},"32":{"start":{"line":79,"column":4},"end":{"line":79,"column":56}},"33":{"start":{"line":79,"column":32},"end":{"line":79,"column":54}},"34":{"start":{"line":84,"column":4},"end":{"line":84,"column":48}},"35":{"start":{"line":89,"column":4},"end":{"line":90,"column":54}},"36":{"start":{"line":94,"column":0},"end":{"line":94,"column":27}}},"fnMap":{"0":{"name":"(anonymous_0)","decl":{"start":{"line":6,"column":2},"end":{"line":6,"column":3}},"loc":{"start":{"line":6,"column":21},"end":{"line":18,"column":3}},"line":6},"1":{"name":"(anonymous_1)","decl":{"start":{"line":21,"column":2},"end":{"line":21,"column":3}},"loc":{"start":{"line":21,"column":24},"end":{"line":27,"column":3}},"line":21},"2":{"name":"(anonymous_2)","decl":{"start":{"line":30,"column":2},"end":{"line":30,"column":3}},"loc":{"start":{"line":30,"column":28},"end":{"line":53,"column":3}},"line":30},"3":{"name":"(anonymous_3)","decl":{"start":{"line":52,"column":27},"end":{"line":52,"column":28}},"loc":{"start":{"line":52,"column":32},"end":{"line":52,"column":54}},"line":52},"4":{"name":"(anonymous_4)","decl":{"start":{"line":56,"column":2},"end":{"line":56,"column":3}},"loc":{"start":{"line":56,"column":20},"end":{"line":80,"column":3}},"line":56},"5":{"name":"(anonymous_5)","decl":{"start":{"line":79,"column":27},"end":{"line":79,"column":28}},"loc":{"start":{"line":79,"column":32},"end":{"line":79,"column":54}},"line":79},"6":{"name":"(anonymous_6)","decl":{"start":{"line":83,"column":2},"end":{"line":83,"column":3}},"loc":{"start":{"line":83,"column":22},"end":{"line":85,"column":3}},"line":83},"7":{"name":"(anonymous_7)","decl":{"start":{"line":88,"column":2},"end":{"line":88,"column":3}},"loc":{"start":{"line":88,"column":26},"end":{"line":91,"column":3}},"line":88}},"branchMap":{"0":{"loc":{"start":{"line":7,"column":4},"end":{"line":7,"column":73}},"type":"if","locations":[{"start":{"line":7,"column":4},"end":{"line":7,"column":73}},{"start":{},"end":{}}],"line":7},"1":{"loc":{"start":{"line":7,"column":8},"end":{"line":7,"column":58}},"type":"binary-expr","locations":[{"start":{"line":7,"column":8},"end":{"line":7,"column":34}},{"start":{"line":7,"column":38},"end":{"line":7,"column":58}}],"line":7},"2":{"loc":{"start":{"line":10,"column":6},"end":{"line":10,"column":68}},"type":"if","locations":[{"start":{"line":10,"column":6},"end":{"line":10,"column":68}},{"start":{},"end":{}}],"line":10},"3":{"loc":{"start":{"line":11,"column":6},"end":{"line":11,"column":53}},"type":"if","locations":[{"start":{"line":11,"column":6},"end":{"line":11,"column":53}},{"start":{},"end":{}}],"line":11},"4":{"loc":{"start":{"line":11,"column":10},"end":{"line":11,"column":38}},"type":"binary-expr","locations":[{"start":{"line":11,"column":10},"end":{"line":11,"column":22}},{"start":{"line":11,"column":26},"end":{"line":11,"column":38}}],"line":11},"5":{"loc":{"start":{"line":12,"column":6},"end":{"line":12,"column":68}},"type":"if","locations":[{"start":{"line":12,"column":6},"end":{"line":12,"column":68}},{"start":{},"end":{}}],"line":12},"6":{"loc":{"start":{"line":12,"column":10},"end":{"line":12,"column":53}},"type":"binary-expr","locations":[{"start":{"line":12,"column":10},"end":{"line":12,"column":23}},{"start":{"line":12,"column":27},"end":{"line":12,"column":53}}],"line":12},"7":{"loc":{"start":{"line":13,"column":6},"end":{"line":13,"column":51}},"type":"if","locations":[{"start":{"line":13,"column":6},"end":{"line":13,"column":51}},{"start":{},"end":{}}],"line":13},"8":{"loc":{"start":{"line":22,"column":4},"end":{"line":22,"column":49}},"type":"if","locations":[{"start":{"line":22,"column":4},"end":{"line":22,"column":49}},{"start":{},"end":{}}],"line":22},"9":{"loc":{"start":{"line":23,"column":11},"end":{"line":26,"column":33}},"type":"binary-expr","locations":[{"start":{"line":23,"column":11},"end":{"line":23,"column":42}},{"start":{"line":24,"column":11},"end":{"line":24,"column":28}},{"start":{"line":25,"column":11},"end":{"line":25,"column":31}},{"start":{"line":26,"column":11},"end":{"line":26,"column":33}}],"line":23},"10":{"loc":{"start":{"line":31,"column":4},"end":{"line":31,"column":51}},"type":"if","locations":[{"start":{"line":31,"column":4},"end":{"line":31,"column":51}},{"start":{},"end":{}}],"line":31},"11":{"loc":{"start":{"line":32,"column":4},"end":{"line":32,"column":44}},"type":"if","locations":[{"start":{"line":32,"column":4},"end":{"line":32,"column":44}},{"start":{},"end":{}}],"line":32},"12":{"loc":{"start":{"line":57,"column":4},"end":{"line":57,"column":47}},"type":"if","locations":[{"start":{"line":57,"column":4},"end":{"line":57,"column":47}},{"start":{},"end":{}}],"line":57},"13":{"loc":{"start":{"line":58,"column":4},"end":{"line":58,"column":42}},"type":"if","locations":[{"start":{"line":58,"column":4},"end":{"line":58,"column":42}},{"start":{},"end":{}}],"line":58},"14":{"loc":{"start":{"line":84,"column":11},"end":{"line":84,"column":47}},"type":"binary-expr","locations":[{"start":{"line":84,"column":11},"end":{"line":84,"column":34}},{"start":{"line":84,"column":38},"end":{"line":84,"column":47}}],"line":84},"15":{"loc":{"start":{"line":89,"column":11},"end":{"line":90,"column":53}},"type":"binary-expr","locations":[{"start":{"line":89,"column":11},"end":{"line":89,"column":30}},{"start":{"line":89,"column":34},"end":{"line":89,"column":53}},{"start":{"line":90,"column":11},"end":{"line":90,"column":17}},{"start":{"line":90,"column":21},"end":{"line":90,"column":27}},{"start":{"line":90,"column":31},"end":{"line":90,"column":40}},{"start":{"line":90,"column":44},"end":{"line":90,"column":53}}],"line":89}},"s":{"0":1,"1":4,"2":0,"3":4,"4":4,"5":4,"6":2,"7":2,"8":0,"9":2,"10":0,"11":2,"12":0,"13":2,"14":0,"15":4,"16":0,"17":4,"18":4,"19":0,"20":4,"21":0,"22":4,"23":4,"24":4,"25":22,"26":4,"27":0,"28":4,"29":0,"30":4,"31":4,"32":4,"33":36,"34":0,"35":0,"36":1},"f":{"0":4,"1":4,"2":4,"3":22,"4":4,"5":36,"6":0,"7":0},"b":{"0":[0,4],"1":[4,4],"2":[2,2],"3":[0,2],"4":[2,2],"5":[0,2],"6":[2,2],"7":[0,2],"8":[0,4],"9":[4,1,1,1],"10":[0,4],"11":[0,4],"12":[0,4],"13":[0,4],"14":[0,0],"15":[0,0,0,0,0,0]},"_coverageSchema":"1a1c01bbd47fc00a2c39e90264f33305004495a9","hash":"e7a2d9defdca36a7af22c205265814955be2d154"}
}
