TN:
SF:daemon\utils\validator.js
FN:6,(anonymous_0)
FN:21,(anonymous_1)
FN:30,(anonymous_2)
FN:52,(anonymous_3)
FN:56,(anonymous_4)
FN:79,(anonymous_5)
FN:83,(anonymous_6)
FN:88,(anonymous_7)
FNF:8
FNH:6
FNDA:4,(anonymous_0)
FNDA:4,(anonymous_1)
FNDA:4,(anonymous_2)
FNDA:22,(anonymous_3)
FNDA:4,(anonymous_4)
FNDA:36,(anonymous_5)
FNDA:0,(anonymous_6)
FNDA:0,(anonymous_7)
DA:4,1
DA:7,4
DA:8,4
DA:9,4
DA:10,4
DA:11,2
DA:12,2
DA:13,2
DA:14,2
DA:16,0
DA:22,4
DA:23,4
DA:31,4
DA:32,4
DA:34,4
DA:51,4
DA:52,22
DA:57,4
DA:58,4
DA:60,4
DA:78,4
DA:79,36
DA:84,0
DA:89,0
DA:94,1
LF:25
LH:22
BRDA:7,0,0,0
BRDA:7,0,1,4
BRDA:7,1,0,4
BRDA:7,1,1,4
BRDA:10,2,0,2
BRDA:10,2,1,2
BRDA:11,3,0,0
BRDA:11,3,1,2
BRDA:11,4,0,2
BRDA:11,4,1,2
BRDA:12,5,0,0
BRDA:12,5,1,2
BRDA:12,6,0,2
BRDA:12,6,1,2
BRDA:13,7,0,0
BRDA:13,7,1,2
BRDA:22,8,0,0
BRDA:22,8,1,4
BRDA:23,9,0,4
BRDA:23,9,1,1
BRDA:23,9,2,1
BRDA:23,9,3,1
BRDA:31,10,0,0
BRDA:31,10,1,4
BRDA:32,11,0,0
BRDA:32,11,1,4
BRDA:57,12,0,0
BRDA:57,12,1,4
BRDA:58,13,0,0
BRDA:58,13,1,4
BRDA:84,14,0,0
BRDA:84,14,1,0
BRDA:89,15,0,0
BRDA:89,15,1,0
BRDA:89,15,2,0
BRDA:89,15,3,0
BRDA:89,15,4,0
BRDA:89,15,5,0
BRF:38
BRH:21
end_of_record
